============================= test session starts =============================
platform win32 -- Python 3.14.2, pytest-9.0.2, pluggy-1.6.0 -- C:\Python314\python.exe
cachedir: .pytest_cache
PySide6 6.10.1 -- Qt runtime 6.10.1 -- Qt compiled 6.10.1
rootdir: F:\MT5Qoder\MT5Projekt-Clean
configfile: pytest.ini
plugins: asyncio-1.3.0, cov-7.1.0, mock-3.15.1, anyio-4.12.1, qt-4.5.0
asyncio: mode=Mode.STRICT, debug=False, asyncio_default_fixture_loop_scope=None, asyncio_default_test_loop_scope=function
collecting ...
----------------------------- live log collection -----------------------------
10:12:42 - INFO - MarketRegimeCache инициализирован (max_size=50)
10:12:42 - INFO - PreMortemCache инициализирован (max_size=100)
10:12:42 - INFO - VectorSearchCache инициализирован (max_size=200)
10:12:42 - INFO - QuotesCache инициализирован (max_size=500)
10:12:42 - INFO - NewsCache инициализирован (max_size=100)
10:12:46 - INFO - Loading faiss with AVX2 support.
10:12:46 - INFO - Successfully loaded faiss with AVX2 support.
10:12:46 - INFO - FAISS OMP threads set to 1 for stability.
10:12:46 - INFO - Failed to load SSL library: <class 'OSError'> (no library called "ssl" found)
10:12:46 - INFO - cryptg module not installed and libssl not found, falling back to (slower) Python encryption
collected 578 items / 8 deselected / 1 skipped / 570 selected

tests/test_service_integration.py::TestSystemServiceManager::test_service_manager_creation
-------------------------------- live log call --------------------------------
10:12:47 - INFO - Конфигурация загружена из F:\MT5Qoder\MT5Projekt-Clean\configs\settings.json
10:12:47 - INFO - Переменные окружения загружены из F:\MT5Qoder\MT5Projekt-Clean\configs\.env
10:12:47 - WARNING - ENCRYPTION_KEY не установлен. Чувствительные данные не будут зашифрованы.
10:12:47 - INFO - Учётные данные MT5 загружены и расшифрованы
10:12:47 - INFO - Конфигурация успешно прошла валидацию Pydantic.
10:12:47 - INFO - Конфигурация загружена (Singleton)
10:12:47 - INFO - DataService инициализирован
10:12:47 - INFO - DataService инициализирован (Singleton)
10:12:47 - INFO - DB write queue создан
10:12:47 - INFO - Проверка схемы базы данных на наличие обновлений...
10:12:47 - INFO - Режим WAL для SQLite успешно активирован.
10:12:47 - INFO - Проверка схемы базы данных завершена успешно.
10:12:47 - INFO - DatabaseManager инициализирован. База данных: F:\Enjen\database\trading_system.db
10:12:47 - INFO - DatabaseManager инициализирован (Singleton)
10:12:47 - INFO - MLService инициализирован
10:12:47 - INFO - ModelFactory (v2.0 - Multi-Arch) инициализирована.
10:12:47 - INFO - MLService инициализирован (Singleton)
10:12:47 - INFO - ExecutionService инициализирован
10:12:47 - INFO - RiskEngine (v12 - Cognitive) инициализирован с доступом к Графу Знаний.
10:12:47 - INFO - ExecutionService инициализирован (Singleton)
10:12:47 - INFO - SystemServiceManager инициализирован
FAILED                                                                   [  0%]
tests/test_service_integration.py::TestSystemServiceManager::test_service_manager_initialize
-------------------------------- live log call --------------------------------
10:12:47 - INFO - SystemServiceManager инициализирован
FAILED                                                                   [  0%]
tests/test_service_integration.py::TestSystemServiceManager::test_service_manager_start_stop
-------------------------------- live log call --------------------------------
10:12:47 - INFO - SystemServiceManager инициализирован
FAILED                                                                   [  0%]
tests/test_service_integration.py::TestSystemServiceManager::test_service_manager_status
-------------------------------- live log call --------------------------------
10:12:47 - INFO - SystemServiceManager инициализирован
FAILED                                                                   [  0%]
tests/test_service_integration.py::TestSystemServiceManager::test_service_manager_health_check
-------------------------------- live log call --------------------------------
10:12:47 - INFO - SystemServiceManager инициализирован
PASSED                                                                   [  0%]
tests/test_service_integration.py::TestSystemServiceManager::test_service_manager_get_services
-------------------------------- live log call --------------------------------
10:12:47 - INFO - SystemServiceManager инициализирован
FAILED                                                                   [  1%]
tests/test_service_integration.py::TestSystemServiceManager::test_backward_compatibility
-------------------------------- live log call --------------------------------
10:12:47 - INFO - SystemServiceManager инициализирован
FAILED                                                                   [  1%]
tests/test_service_integration.py::TestTradingSystemIntegration::test_trading_system_has_service_manager SKIPPED [  1%]
tests/test_service_integration.py::TestTradingSystemIntegration::test_trading_system_enable_services SKIPPED [  1%]
tests/test_training_visualization.py::TestModelAccuracyToGUI::test_send_model_accuracy_with_data
-------------------------------- live log call --------------------------------
10:12:47 - INFO - \U0001f4ca \u041e\u0442\u043f\u0440\u0430\u0432\u043b\u0435\u043d\u044b \u0434\u0430\u043d\u043d\u044b\u0435 \u0442\u043e\u0447\u043d\u043e\u0441\u0442\u0438 \u0434\u043b\u044f 3 \u0441\u0438\u043c\u0432\u043e\u043b\u043e\u0432: {'EURUSD': 0.75, 'GBPUSD': 0.5, 'USDJPY': 0.5}\nPASSED                                                                   [  1%]
tests/test_training_visualization.py::TestModelAccuracyToGUI::test_send_model_accuracy_zero_handling
-------------------------------- live log call --------------------------------
10:12:47 - INFO - \U0001f4ca \u041e\u0442\u043f\u0440\u0430\u0432\u043b\u0435\u043d\u044b \u0434\u0430\u043d\u043d\u044b\u0435 \u0442\u043e\u0447\u043d\u043e\u0441\u0442\u0438 \u0434\u043b\u044f 3 \u0441\u0438\u043c\u0432\u043e\u043b\u043e\u0432: {'EURUSD': 0.75, 'GBPUSD': 0.5, 'USDJPY': 0.5}\nPASSED                                                                   [  1%]
tests/test_training_visualization.py::TestModelAccuracyToGUI::test_send_model_accuracy_none_handling
-------------------------------- live log call --------------------------------
10:12:47 - INFO - \U0001f4ca \u041e\u0442\u043f\u0440\u0430\u0432\u043b\u0435\u043d\u044b \u0434\u0430\u043d\u043d\u044b\u0435 \u0442\u043e\u0447\u043d\u043e\u0441\u0442\u0438 \u0434\u043b\u044f 3 \u0441\u0438\u043c\u0432\u043e\u043b\u043e\u0432: {'EURUSD': 0.75, 'GBPUSD': 0.5, 'USDJPY': 0.5}\nPASSED                                                                   [  2%]
tests/test_training_visualization.py::TestModelAccuracyToGUI::test_send_model_accuracy_no_model
-------------------------------- live log call --------------------------------
10:12:47 - INFO - \U0001f4ca \u041e\u0442\u043f\u0440\u0430\u0432\u043b\u0435\u043d\u044b \u0434\u0430\u043d\u043d\u044b\u0435 \u0442\u043e\u0447\u043d\u043e\u0441\u0442\u0438 \u0434\u043b\u044f 3 \u0441\u0438\u043c\u0432\u043e\u043b\u043e\u0432: {'EURUSD': 0.0, 'GBPUSD': 0.0, 'USDJPY': 0.0}\nPASSED                                                                   [  2%]
tests/test_training_visualization.py::TestRetrainProgressToGUI::test_send_retrain_progress_calculation
-------------------------------- live log call --------------------------------
10:12:47 - INFO - \u23f0 \u041e\u0442\u043f\u0440\u0430\u0432\u043b\u0435\u043d\u044b \u0434\u0430\u043d\u043d\u044b\u0435 \u043f\u0440\u043e\u0433\u0440\u0435\u0441\u0441\u0430 \u0434\u043b\u044f 3 \u0441\u0438\u043c\u0432\u043e\u043b\u043e\u0432, \u0442\u0440\u0435\u0431\u0443\u044e\u0442 \u043f\u0435\u0440\u0435\u043e\u0431\u0443\u0447\u0435\u043d\u0438\u044f: 1\nPASSED                                                                   [  2%]
tests/test_training_visualization.py::TestRetrainProgressToGUI::test_send_retrain_progress_logging
-------------------------------- live log call --------------------------------
10:12:47 - INFO - \u23f0 \u041e\u0442\u043f\u0440\u0430\u0432\u043b\u0435\u043d\u044b \u0434\u0430\u043d\u043d\u044b\u0435 \u043f\u0440\u043e\u0433\u0440\u0435\u0441\u0441\u0430 \u0434\u043b\u044f 3 \u0441\u0438\u043c\u0432\u043e\u043b\u043e\u0432, \u0442\u0440\u0435\u0431\u0443\u044e\u0442 \u043f\u0435\u0440\u0435\u043e\u0431\u0443\u0447\u0435\u043d\u0438\u044f: 1\nPASSED                                                                   [  2%]
tests/test_training_visualization.py::TestRetrainProgressToGUI::test_send_retrain_progress_no_model
-------------------------------- live log call --------------------------------
10:12:47 - INFO - \u23f0 \u041e\u0442\u043f\u0440\u0430\u0432\u043b\u0435\u043d\u044b \u0434\u0430\u043d\u043d\u044b\u0435 \u043f\u0440\u043e\u0433\u0440\u0435\u0441\u0441\u0430 \u0434\u043b\u044f 3 \u0441\u0438\u043c\u0432\u043e\u043b\u043e\u0432, \u0442\u0440\u0435\u0431\u0443\u044e\u0442 \u043f\u0435\u0440\u0435\u043e\u0431\u0443\u0447\u0435\u043d\u0438\u044f: 3\nPASSED                                                                   [  2%]
tests/test_training_visualization.py::TestGUIChartUpdates::test_update_model_accuracy_chart
-------------------------------- live log call --------------------------------
10:12:47 - INFO - ============================================================
10:12:47 - INFO -   Genesis Trading System - Запуск
10:12:47 - INFO - ============================================================
10:12:47 - INFO - Версия Python: 3.14.2 (tags/v3.14.2:df79316, Dec  5 2025, 17:18:21) [MSC v.1944 64 bit (AMD64)]
10:12:47 - INFO - Путь к скрипту: F:\MT5Qoder\MT5Projekt-Clean\main_pyside.py
10:12:47 - INFO - Используем 4 ядер CPU для обучения моделей (из 12 доступных)
10:12:47 - INFO - Конфигурация загружена из F:\MT5Qoder\MT5Projekt-Clean\configs\settings.json
10:12:47 - INFO - Переменные окружения загружены из F:\MT5Qoder\MT5Projekt-Clean\configs\.env
10:12:47 - WARNING - ENCRYPTION_KEY не установлен. Чувствительные данные не будут зашифрованы.
10:12:47 - INFO - Учётные данные MT5 загружены и расшифрованы
10:12:47 - INFO - Конфигурация успешно прошла валидацию Pydantic.
10:12:47 - INFO - [GUI-ModelAccuracy] График обновлён: 3 символов, средняя точность: 51.7%
PASSED                                                                   [  2%]
tests/test_training_visualization.py::TestGUIChartUpdates::test_update_model_accuracy_chart_empty PASSED [  3%]
tests/test_training_visualization.py::TestGUIChartUpdates::test_update_retrain_progress_chart
-------------------------------- live log call --------------------------------
10:12:47 - INFO - [GUI-RetrainProgress] График обновлён: 3 символов, требуют переобучения: 1
PASSED                                                                   [  3%]
tests/test_training_visualization.py::TestGUIChartUpdates::test_update_retrain_progress_chart_all_red
-------------------------------- live log call --------------------------------
10:12:47 - INFO - [GUI-RetrainProgress] График обновлён: 3 символов, требуют переобучения: 3
PASSED                                                                   [  3%]
tests/test_training_visualization.py::TestAutoTrainerNewTriggers::test_should_retrain_time_trigger
-------------------------------- live log call --------------------------------
10:12:47 - INFO - \U0001f550 EURUSD: \u041f\u0440\u043e\u0448\u043b\u043e 2.0 \u0447 (\u043f\u043e\u0440\u043e\u0433: 1 \u0447) - \u0422\u0420\u0415\u0411\u0423\u0415\u0422\u0421\u042f \u043f\u0435\u0440\u0435\u043e\u0431\u0443\u0447\u0435\u043d\u0438\u0435\nPASSED                                                                   [  3%]
tests/test_training_visualization.py::TestAutoTrainerNewTriggers::test_should_retrain_new_bars_trigger
-------------------------------- live log call --------------------------------
10:12:47 - INFO - \U0001f4ca EURUSD: 100 \u043d\u043e\u0432\u044b\u0445 \u0431\u0430\u0440\u043e\u0432 (\u043f\u043e\u0440\u043e\u0433: 50) - \u0422\u0420\u0415\u0411\u0423\u0415\u0422\u0421\u042f \u043f\u0435\u0440\u0435\u043e\u0431\u0443\u0447\u0435\u043d\u0438\u0435\nPASSED                                                                   [  3%]
tests/test_training_visualization.py::TestAutoTrainerNewTriggers::test_should_retrain_volatility_trigger
-------------------------------- live log call --------------------------------
10:12:47 - INFO - \U0001f4c8 EURUSD: \u0412\u043e\u043b\u0430\u0442\u0438\u043b\u044c\u043d\u043e\u0441\u0442\u044c \u0438\u0437\u043c\u0435\u043d\u0438\u043b\u0430\u0441\u044c \u043d\u0430 4453.8% (\u043f\u043e\u0440\u043e\u0433: 30%) - \u0422\u0420\u0415\u0411\u0423\u0415\u0422\u0421\u042f \u043f\u0435\u0440\u0435\u043e\u0431\u0443\u0447\u0435\u043d\u0438\u0435\nPASSED                                                                   [  4%]
tests/test_training_visualization.py::TestAutoTrainerNewTriggers::test_should_retrain_no_trigger PASSED [  4%]
tests/unit/ml/test_ab_testing.py::TestABTestConfig::test_default_values PASSED [  4%]
tests/unit/ml/test_ab_testing.py::TestABTestConfig::test_custom_values PASSED [  4%]
tests/unit/ml/test_ab_testing.py::TestStartTest::test_start_test
------------------------------- live log setup --------------------------------
10:12:47 - INFO - ABTestingFramework инициализирован (капитал: $10000.00)
-------------------------------- live log call --------------------------------
10:12:47 - INFO - Запущен A/B тест ab_EURUSD_Str_Str_20260401_101247: StrategyA vs StrategyB на EURUSD (длительность: 30 дней)
PASSED                                                                   [  4%]
tests/unit/ml/test_ab_testing.py::TestStartTest::test_start_test_custom_allocation
------------------------------- live log setup --------------------------------
10:12:47 - INFO - ABTestingFramework инициализирован (капитал: $10000.00)
-------------------------------- live log call --------------------------------
10:12:47 - INFO - Запущен A/B тест ab_USDJPY_A_B_20260401_101247: A vs B на USDJPY (длительность: 30 дней)
PASSED                                                                   [  4%]
tests/unit/ml/test_ab_testing.py::TestRecordTrade::test_record_trade
------------------------------- live log setup --------------------------------
10:12:47 - INFO - ABTestingFramework инициализирован (капитал: $10000.00)
-------------------------------- live log call --------------------------------
10:12:47 - INFO - Запущен A/B тест ab_EURUSD_A_B_20260401_101247: A vs B на EURUSD (длительность: 30 дней)
PASSED                                                                   [  5%]
tests/unit/ml/test_ab_testing.py::TestRecordTrade::test_record_trade_invalid_test
------------------------------- live log setup --------------------------------
10:12:47 - INFO - ABTestingFramework инициализирован (капитал: $10000.00)
-------------------------------- live log call --------------------------------
10:12:47 - ERROR - Тест invalid_test не найден
PASSED                                                                   [  5%]
tests/unit/ml/test_ab_testing.py::TestAnalyzeTest::test_analyze_test_not_found
------------------------------- live log setup --------------------------------
10:12:47 - INFO - ABTestingFramework инициализирован (капитал: $10000.00)
PASSED                                                                   [  5%]
tests/unit/ml/test_ab_testing.py::TestAnalyzeTest::test_analyze_test_insufficient_trades
------------------------------- live log setup --------------------------------
10:12:47 - INFO - ABTestingFramework инициализирован (капитал: $10000.00)
-------------------------------- live log call --------------------------------
10:12:47 - INFO - Запущен A/B тест ab_EURUSD_A_B_20260401_101247: A vs B на EURUSD (длительность: 30 дней)
PASSED                                                                   [  5%]
tests/unit/ml/test_ab_testing.py::TestAnalyzeTest::test_analyze_test_strategy_a_wins
------------------------------- live log setup --------------------------------
10:12:47 - INFO - ABTestingFramework инициализирован (капитал: $10000.00)
-------------------------------- live log call --------------------------------
10:12:47 - INFO - Запущен A/B тест ab_EURUSD_A_B_20260401_101247: A vs B на EURUSD (длительность: 30 дней)
10:12:47 - INFO - Анализ теста ab_EURUSD_A_B_20260401_101247: Стратегия A (A) статистически значимо лучше (p=0.0000)
PASSED                                                                   [  5%]
tests/unit/ml/test_ab_testing.py::TestAnalyzeTest::test_analyze_test_no_significant_difference
------------------------------- live log setup --------------------------------
10:12:47 - INFO - ABTestingFramework инициализирован (капитал: $10000.00)
-------------------------------- live log call --------------------------------
10:12:47 - INFO - Запущен A/B тест ab_EURUSD_A_B_20260401_101247: A vs B на EURUSD (длительность: 30 дней)
10:12:47 - INFO - Анализ теста ab_EURUSD_A_B_20260401_101247: Нет статистически значимой разницы (p=0.3960)
PASSED                                                                   [  5%]
tests/unit/ml/test_ab_testing.py::TestComputeMetrics::test_compute_metrics_basic
------------------------------- live log setup --------------------------------
10:12:47 - INFO - ABTestingFramework инициализирован (капитал: $10000.00)
PASSED                                                                   [  6%]
tests/unit/ml/test_ab_testing.py::TestComputeMetrics::test_compute_metrics_empty
------------------------------- live log setup --------------------------------
10:12:47 - INFO - ABTestingFramework инициализирован (капитал: $10000.00)
PASSED                                                                   [  6%]
tests/unit/ml/test_ab_testing.py::TestComputeMetrics::test_compute_metrics_all_wins
------------------------------- live log setup --------------------------------
10:12:47 - INFO - ABTestingFramework инициализирован (капитал: $10000.00)
PASSED                                                                   [  6%]
tests/unit/ml/test_ab_testing.py::TestComputeMetrics::test_compute_metrics_all_losses
------------------------------- live log setup --------------------------------
10:12:47 - INFO - ABTestingFramework инициализирован (капитал: $10000.00)
PASSED                                                                   [  6%]
tests/unit/ml/test_ab_testing.py::TestStopTest::test_stop_test
------------------------------- live log setup --------------------------------
10:12:47 - INFO - ABTestingFramework инициализирован (капитал: $10000.00)
-------------------------------- live log call --------------------------------
10:12:47 - INFO - Запущен A/B тест ab_EURUSD_A_B_20260401_101247: A vs B на EURUSD (длительность: 30 дней)
FAILED                                                                   [  6%]
tests/unit/ml/test_ab_testing.py::TestStopTest::test_stop_test_invalid
------------------------------- live log setup --------------------------------
10:12:47 - INFO - ABTestingFramework инициализирован (капитал: $10000.00)
PASSED                                                                   [  7%]
tests/unit/ml/test_ab_testing.py::TestGetTestResults::test_get_test_results_not_started
------------------------------- live log setup --------------------------------
10:12:47 - INFO - ABTestingFramework инициализирован (капитал: $10000.00)
FAILED                                                                   [  7%]
tests/unit/ml/test_ab_testing.py::TestGetActiveTests::test_get_active_tests_empty
------------------------------- live log setup --------------------------------
10:12:47 - INFO - ABTestingFramework инициализирован (капитал: $10000.00)
PASSED                                                                   [  7%]
tests/unit/ml/test_ab_testing.py::TestGetActiveTests::test_get_active_tests_with_tests
------------------------------- live log setup --------------------------------
10:12:47 - INFO - ABTestingFramework инициализирован (капитал: $10000.00)
-------------------------------- live log call --------------------------------
10:12:47 - INFO - Запущен A/B тест ab_EURUSD_A_B_20260401_101247: A vs B на EURUSD (длительность: 30 дней)
10:12:47 - INFO - Запущен A/B тест ab_GBPUSD_C_D_20260401_101247: C vs D на GBPUSD (длительность: 30 дней)
PASSED                                                                   [  7%]
tests/unit/ml/test_ab_testing.py::TestABTestingIntegration::test_full_ab_test_workflow
------------------------------- live log setup --------------------------------
10:12:47 - INFO - ABTestingFramework инициализирован (капитал: $10000.00)
-------------------------------- live log call --------------------------------
10:12:47 - INFO - Запущен A/B тест ab_EURUSD_Lig_Lig_20260401_101247: LightGBM_v1 vs LightGBM_v2 на EURUSD (длительность: 30 дней)
10:12:47 - INFO - Анализ теста ab_EURUSD_Lig_Lig_20260401_101247: Стратегия B (LightGBM_v2) статистически значимо лучше (p=0.0009)
FAILED                                                                   [  7%]
tests/unit/ml/test_feature_importance.py::TestComputeLGBImportance::test_compute_lgb_importance
------------------------------- live log setup --------------------------------
10:12:47 - INFO - FeatureImportanceTracker инициализирован
-------------------------------- live log call --------------------------------
10:12:47 - INFO - LightGBM importance вычислена (gain). Топ-3: [('ATR_14', np.float64(0.47619047619047616)), ('RSI_14', np.float64(0.23809523809523808)), ('MACD', np.float64(0.14285714285714285))]
PASSED                                                                   [  7%]
tests/unit/ml/test_feature_importance.py::TestComputeLGBImportance::test_compute_lgb_importance_empty
------------------------------- live log setup --------------------------------
10:12:47 - INFO - FeatureImportanceTracker инициализирован
-------------------------------- live log call --------------------------------
10:12:47 - INFO - LightGBM importance вычислена (gain). Топ-3: []
PASSED                                                                   [  8%]
tests/unit/ml/test_feature_importance.py::TestComputeLGBImportance::test_compute_lgb_importance_error
------------------------------- live log setup --------------------------------
10:12:47 - INFO - FeatureImportanceTracker инициализирован
-------------------------------- live log call --------------------------------
10:12:47 - ERROR - Ошибка вычисления LGB importance: Test error
PASSED                                                                   [  8%]
tests/unit/ml/test_feature_importance.py::TestComputeSHAPValues::test_compute_shap_values
------------------------------- live log setup --------------------------------
10:12:47 - INFO - FeatureImportanceTracker инициализирован
FAILED                                                                   [  8%]
tests/unit/ml/test_feature_importance.py::TestComputeSHAPValues::test_compute_shap_import_error
------------------------------- live log setup --------------------------------
10:12:48 - INFO - FeatureImportanceTracker инициализирован
FAILED                                                                   [  8%]
tests/unit/ml/test_feature_importance.py::TestPermutationImportance::test_compute_permutation_importance
------------------------------- live log setup --------------------------------
10:12:48 - INFO - FeatureImportanceTracker инициализирован
FAILED                                                                   [  8%]
tests/unit/ml/test_feature_importance.py::TestPermutationImportance::test_compute_permutation_importance_error
------------------------------- live log setup --------------------------------
10:12:48 - INFO - FeatureImportanceTracker инициализирован
FAILED                                                                   [  8%]
tests/unit/ml/test_feature_importance.py::TestSaveImportance::test_save_importance
------------------------------- live log setup --------------------------------
10:12:48 - INFO - FeatureImportanceTracker инициализирован
-------------------------------- live log call --------------------------------
10:12:48 - INFO - Сохранено 3 признаков важности для EURUSD
PASSED                                                                   [  9%]
tests/unit/ml/test_feature_importance.py::TestSaveImportance::test_save_importance_error
------------------------------- live log setup --------------------------------
10:12:48 - INFO - FeatureImportanceTracker инициализирован
-------------------------------- live log call --------------------------------
10:12:48 - ERROR - Ошибка сохранения важности: DB error
PASSED                                                                   [  9%]
tests/unit/ml/test_feature_importance.py::TestGetImportanceHistory::test_get_importance_history_empty
------------------------------- live log setup --------------------------------
10:12:48 - INFO - FeatureImportanceTracker инициализирован
FAILED                                                                   [  9%]
tests/unit/ml/test_feature_importance.py::TestGetImportanceHistory::test_get_importance_history_with_data
------------------------------- live log setup --------------------------------
10:12:48 - INFO - FeatureImportanceTracker инициализирован
FAILED                                                                   [  9%]
tests/unit/ml/test_feature_importance.py::TestGetTopFeatures::test_get_top_features
------------------------------- live log setup --------------------------------
10:12:48 - INFO - FeatureImportanceTracker инициализирован
FAILED                                                                   [  9%]
tests/unit/ml/test_feature_importance.py::TestComputeStabilityScore::test_compute_stability_score_stable
------------------------------- live log setup --------------------------------
10:12:48 - INFO - FeatureImportanceTracker инициализирован
FAILED                                                                   [ 10%]
tests/unit/ml/test_feature_importance.py::TestComputeStabilityScore::test_compute_stability_score_no_data
------------------------------- live log setup --------------------------------
10:12:48 - INFO - FeatureImportanceTracker инициализирован
FAILED                                                                   [ 10%]
tests/unit/ml/test_feature_importance.py::TestAnalyzeFeatureDrift::test_analyze_feature_drift_detected
------------------------------- live log setup --------------------------------
10:12:48 - INFO - FeatureImportanceTracker инициализирован
FAILED                                                                   [ 10%]
tests/unit/ml/test_feature_importance.py::TestAnalyzeFeatureDrift::test_analyze_feature_drift_no_data
------------------------------- live log setup --------------------------------
10:12:48 - INFO - FeatureImportanceTracker инициализирован
FAILED                                                                   [ 10%]
tests/unit/ml/test_feature_importance.py::TestFeatureImportanceIntegration::test_full_workflow
------------------------------- live log setup --------------------------------
10:12:48 - INFO - FeatureImportanceTracker инициализирован
-------------------------------- live log call --------------------------------
10:12:48 - INFO - LightGBM importance вычислена (gain). Топ-3: [('ATR_14', np.float64(0.47619047619047616)), ('RSI_14', np.float64(0.23809523809523808)), ('MACD', np.float64(0.14285714285714285))]
PASSED                                                                   [ 10%]
tests/unit/ml/test_model_versioning.py::TestModelVersion::test_to_dict PASSED [ 10%]
tests/unit/ml/test_model_versioning.py::TestModelVersion::test_from_database PASSED [ 11%]
tests/unit/ml/test_model_versioning.py::TestModelVersioning::test_init
------------------------------- live log setup --------------------------------
10:12:48 - INFO - ModelVersioning инициализирован (папка: C:\Users\zaytc\AppData\Local\Temp\pytest-of-zaytc\pytest-32\test_init0\models)
PASSED                                                                   [ 11%]
tests/unit/ml/test_model_versioning.py::TestModelVersioning::test_get_next_version_no_existing
-------------------------------- live log call --------------------------------
10:12:48 - INFO - ModelVersioning инициализирован (папка: ai_models)
PASSED                                                                   [ 11%]
tests/unit/ml/test_model_versioning.py::TestModelVersioning::test_get_next_version_increment
------------------------------- live log setup --------------------------------
10:12:48 - INFO - ModelVersioning инициализирован (папка: C:\Users\zaytc\AppData\Local\Temp\pytest-of-zaytc\pytest-32\test_get_next_version_incremen0\models)
PASSED                                                                   [ 11%]
tests/unit/ml/test_model_versioning.py::TestModelVersioning::test_register_model
------------------------------- live log setup --------------------------------
10:12:48 - INFO - ModelVersioning инициализирован (папка: C:\Users\zaytc\AppData\Local\Temp\pytest-of-zaytc\pytest-32\test_register_model0\models)
-------------------------------- live log call --------------------------------
10:12:48 - INFO - Регистрация модели EURUSD LightGBM v1.0.0
10:12:48 - INFO - Модель EURUSD v1.0.0 сохранена в БД (ID: <MagicMock name='mock.Session().query().get().id' id='1787539895168'>)
PASSED                                                                   [ 11%]
tests/unit/ml/test_model_versioning.py::TestModelVersioning::test_save_model_file
------------------------------- live log setup --------------------------------
10:12:48 - INFO - ModelVersioning инициализирован (папка: C:\Users\zaytc\AppData\Local\Temp\pytest-of-zaytc\pytest-32\test_save_model_file0\models)
PASSED                                                                   [ 11%]
tests/unit/ml/test_model_versioning.py::TestModelVersioning::test_get_champion_model
------------------------------- live log setup --------------------------------
10:12:48 - INFO - ModelVersioning инициализирован (папка: C:\Users\zaytc\AppData\Local\Temp\pytest-of-zaytc\pytest-32\test_get_champion_model0\models)
-------------------------------- live log call --------------------------------
10:12:48 - INFO - Champion модель для EURUSD: v1.5.0 (ID: 1)
PASSED                                                                   [ 12%]
tests/unit/ml/test_model_versioning.py::TestModelVersioning::test_get_champion_model_fallback
------------------------------- live log setup --------------------------------
10:12:48 - INFO - ModelVersioning инициализирован (папка: C:\Users\zaytc\AppData\Local\Temp\pytest-of-zaytc\pytest-32\test_get_champion_model_fallba0\models)
-------------------------------- live log call --------------------------------
10:12:48 - INFO - Champion не найден, используем последнюю: v2.0.0
PASSED                                                                   [ 12%]
tests/unit/ml/test_model_versioning.py::TestModelVersioning::test_promote_to_champion
------------------------------- live log setup --------------------------------
10:12:48 - INFO - ModelVersioning инициализирован (папка: C:\Users\zaytc\AppData\Local\Temp\pytest-of-zaytc\pytest-32\test_promote_to_champion0\models)
-------------------------------- live log call --------------------------------
10:12:48 - INFO - Модель EURUSD ID:42 повышена до champion
PASSED                                                                   [ 12%]
tests/unit/ml/test_model_versioning.py::TestModelVersioning::test_promote_to_champion_not_found
------------------------------- live log setup --------------------------------
10:12:48 - INFO - ModelVersioning инициализирован (папка: C:\Users\zaytc\AppData\Local\Temp\pytest-of-zaytc\pytest-32\test_promote_to_champion_not_f0\models)
-------------------------------- live log call --------------------------------
10:12:48 - ERROR - Модель с ID 999 не найдена
PASSED                                                                   [ 12%]
tests/unit/ml/test_model_versioning.py::TestModelVersioning::test_compare_versions
------------------------------- live log setup --------------------------------
10:12:48 - INFO - ModelVersioning инициализирован (папка: C:\Users\zaytc\AppData\Local\Temp\pytest-of-zaytc\pytest-32\test_compare_versions0\models)
PASSED                                                                   [ 12%]
tests/unit/ml/test_model_versioning.py::TestModelVersioning::test_rollback_to_version
------------------------------- live log setup --------------------------------
10:12:48 - INFO - ModelVersioning инициализирован (папка: C:\Users\zaytc\AppData\Local\Temp\pytest-of-zaytc\pytest-32\test_rollback_to_version0\models)
PASSED                                                                   [ 12%]
tests/unit/ml/test_model_versioning.py::TestModelVersioning::test_get_version_history
------------------------------- live log setup --------------------------------
10:12:48 - INFO - ModelVersioning инициализирован (папка: C:\Users\zaytc\AppData\Local\Temp\pytest-of-zaytc\pytest-32\test_get_version_history0\models)
PASSED                                                                   [ 13%]
tests/unit/ml/test_model_versioning.py::TestModelVersioning::test_cleanup_old_models
------------------------------- live log setup --------------------------------
10:12:48 - INFO - ModelVersioning инициализирован (папка: C:\Users\zaytc\AppData\Local\Temp\pytest-of-zaytc\pytest-32\test_cleanup_old_models0\models)
-------------------------------- live log call --------------------------------
10:12:48 - INFO - Удалена старая модель EURUSD v1.0.0 (ID: 1)
10:12:48 - INFO - Очистка EURUSD: удалено 1 моделей
PASSED                                                                   [ 13%]
tests/unit/ml/test_model_versioning.py::TestModelVersioning::test_cleanup_keeps_recent
------------------------------- live log setup --------------------------------
10:12:48 - INFO - ModelVersioning инициализирован (папка: C:\Users\zaytc\AppData\Local\Temp\pytest-of-zaytc\pytest-32\test_cleanup_keeps_recent0\models)
-------------------------------- live log call --------------------------------
10:12:48 - INFO - Модели EURUSD: сохранено 2 версий (порог: 2)
PASSED                                                                   [ 13%]
tests/unit/ml/test_model_versioning.py::TestModelVersioningIntegration::test_full_lifecycle
-------------------------------- live log call --------------------------------
10:12:48 - INFO - ModelVersioning инициализирован (папка: C:\Users\zaytc\AppData\Local\Temp\pytest-of-zaytc\pytest-32\test_full_lifecycle0\models)
10:12:48 - INFO - Регистрация модели EURUSD LightGBM v1.0.0
10:12:48 - INFO - Модель EURUSD v1.0.0 сохранена в БД (ID: <MagicMock name='mock.Session().query().get().id' id='1787538856592'>)
10:12:48 - INFO - Регистрация модели EURUSD LightGBM v1.1.0
10:12:48 - INFO - Модель EURUSD v1.1.0 сохранена в БД (ID: <MagicMock name='mock.Session().query().get().id' id='1787538856592'>)
10:12:48 - INFO - Champion не найден, используем последнюю: v1.1.0
PASSED                                                                   [ 13%]
tests/unit/services/test_base_service.py::TestBaseServiceInitialization::test_init_default_values
------------------------------- live log setup --------------------------------
10:12:48 - INFO - TestService инициализирован
PASSED                                                                   [ 13%]
tests/unit/services/test_base_service.py::TestBaseServiceInitialization::test_init_with_custom_name
------------------------------- live log setup --------------------------------
10:12:48 - INFO - TestService инициализирован
PASSED                                                                   [ 14%]
tests/unit/services/test_base_service.py::TestBaseServiceInitialization::test_repr
------------------------------- live log setup --------------------------------
10:12:48 - INFO - TestService инициализирован
PASSED                                                                   [ 14%]
tests/unit/services/test_base_service.py::TestServiceLifecycle::test_start
------------------------------- live log setup --------------------------------
10:12:48 - INFO - TestService инициализирован
PASSED                                                                   [ 14%]
tests/unit/services/test_base_service.py::TestServiceLifecycle::test_stop
------------------------------- live log setup --------------------------------
10:12:48 - INFO - TestService инициализирован
PASSED                                                                   [ 14%]
tests/unit/services/test_base_service.py::TestServiceLifecycle::test_start_stop_sequence
------------------------------- live log setup --------------------------------
10:12:48 - INFO - TestService инициализирован
PASSED                                                                   [ 14%]
tests/unit/services/test_base_service.py::TestHealthCheck::test_health_check_initial_state
------------------------------- live log setup --------------------------------
10:12:48 - INFO - TestService инициализирован
PASSED                                                                   [ 14%]
tests/unit/services/test_base_service.py::TestHealthCheck::test_health_check_after_start
------------------------------- live log setup --------------------------------
10:12:48 - INFO - TestService инициализирован
PASSED                                                                   [ 15%]
tests/unit/services/test_base_service.py::TestHealthCheck::test_health_check_after_stop
------------------------------- live log setup --------------------------------
10:12:48 - INFO - TestService инициализирован
PASSED                                                                   [ 15%]
tests/unit/services/test_base_service.py::TestErrorHandling::test_safe_execute_success
------------------------------- live log setup --------------------------------
10:12:48 - INFO - TestService инициализирован
PASSED                                                                   [ 15%]
tests/unit/services/test_base_service.py::TestErrorHandling::test_safe_execute_exception
------------------------------- live log setup --------------------------------
10:12:48 - INFO - TestService инициализирован
-------------------------------- live log call --------------------------------
10:12:48 - ERROR - TestService: Ошибка при выполнении 'Failing operation': Test error
Traceback (most recent call last):
  File "F:\MT5Qoder\MT5Projekt-Clean\src\core\services\base_service.py", line 101, in _safe_execute
    return await coro
           ^^^^^^^^^^
  File "F:\MT5Qoder\MT5Projekt-Clean\tests\unit\services\test_base_service.py", line 190, in failing_operation
    raise ValueError("Test error")
ValueError: Test error
PASSED                                                                   [ 15%]
tests/unit/services/test_base_service.py::TestErrorHandling::test_safe_execute_cancelled_error
------------------------------- live log setup --------------------------------
10:12:48 - INFO - TestService инициализирован
-------------------------------- live log call --------------------------------
10:12:48 - WARNING - TestService: Операция 'Cancelled operation' отменена
PASSED                                                                   [ 15%]
tests/unit/services/test_base_service.py::TestErrorHandling::test_sync_safe_execute_success
------------------------------- live log setup --------------------------------
10:12:48 - INFO - TestService инициализирован
PASSED                                                                   [ 15%]
tests/unit/services/test_base_service.py::TestErrorHandling::test_sync_safe_execute_exception
------------------------------- live log setup --------------------------------
10:12:48 - INFO - TestService инициализирован
-------------------------------- live log call --------------------------------
10:12:48 - ERROR - TestService: Ошибка при выполнении 'Failing sync operation': Sync error
Traceback (most recent call last):
  File "F:\MT5Qoder\MT5Projekt-Clean\src\core\services\base_service.py", line 122, in _sync_safe_execute
    return func()
  File "F:\MT5Qoder\MT5Projekt-Clean\tests\unit\services\test_base_service.py", line 227, in failing_function
    raise RuntimeError("Sync error")
RuntimeError: Sync error
PASSED                                                                   [ 16%]
tests/unit/services/test_base_service.py::TestProperties::test_is_running_initial
------------------------------- live log setup --------------------------------
10:12:48 - INFO - TestService инициализирован
PASSED                                                                   [ 16%]
tests/unit/services/test_base_service.py::TestProperties::test_is_running_after_start
------------------------------- live log setup --------------------------------
10:12:48 - INFO - TestService инициализирован
PASSED                                                                   [ 16%]
tests/unit/services/test_base_service.py::TestProperties::test_is_healthy_initial
------------------------------- live log setup --------------------------------
10:12:48 - INFO - TestService инициализирован
PASSED                                                                   [ 16%]
tests/unit/services/test_base_service.py::TestProperties::test_is_healthy_after_start
------------------------------- live log setup --------------------------------
10:12:48 - INFO - TestService инициализирован
PASSED                                                                   [ 16%]
tests/unit/services/test_base_service.py::TestDBWriteQueue::test_set_db_write_queue
------------------------------- live log setup --------------------------------
10:12:48 - INFO - TestService инициализирован
PASSED                                                                   [ 17%]
tests/unit/services/test_base_service.py::TestDBWriteQueue::test_set_db_write_queue_none
------------------------------- live log setup --------------------------------
10:12:48 - INFO - TestService инициализирован
PASSED                                                                   [ 17%]
tests/unit/services/test_base_service.py::TestIntegration::test_full_lifecycle
------------------------------- live log setup --------------------------------
10:12:48 - INFO - TestService инициализирован
PASSED                                                                   [ 17%]
tests/unit/services/test_data_service.py::TestLRUCache::test_init_default_size PASSED [ 17%]
tests/unit/services/test_data_service.py::TestLRUCache::test_init_custom_size PASSED [ 17%]
tests/unit/services/test_data_service.py::TestLRUCache::test_put_and_get ERROR [ 17%]
tests/unit/services/test_data_service.py::TestLRUCache::test_get_nonexistent_key PASSED [ 18%]
tests/unit/services/test_data_service.py::TestLRUCache::test_put_updates_existing_key ERROR [ 18%]
tests/unit/services/test_data_service.py::TestLRUCache::test_lru_eviction ERROR [ 18%]
tests/unit/services/test_data_service.py::TestLRUCache::test_lru_order_updated_on_get ERROR [ 18%]
tests/unit/services/test_data_service.py::TestLRUCache::test_clear ERROR [ 18%]
tests/unit/services/test_data_service.py::TestLRUCache::test_size ERROR  [ 18%]
tests/unit/services/test_data_service.py::TestLRUCache::test_thread_safety ERROR [ 19%]
tests/unit/services/test_data_service.py::TestDataService::test_init
------------------------------- live log setup --------------------------------
10:12:48 - INFO - DataService инициализирован
PASSED                                                                   [ 19%]
tests/unit/services/test_data_service.py::TestDataService::test_start
------------------------------- live log setup --------------------------------
10:12:48 - INFO - DataService инициализирован
-------------------------------- live log call --------------------------------
10:12:48 - INFO - DataService: Запуск сервиса данных...
10:12:48 - INFO - DataService: Сервис запущен успешно
PASSED                                                                   [ 19%]
tests/unit/services/test_data_service.py::TestDataService::test_stop
------------------------------- live log setup --------------------------------
10:12:48 - INFO - DataService инициализирован
-------------------------------- live log call --------------------------------
10:12:48 - INFO - DataService: Остановка сервиса данных...
10:12:48 - INFO - Cache cleared
10:12:48 - INFO - Cache cleared
10:12:48 - INFO - DataService: Сервис остановлен
PASSED                                                                   [ 19%]
tests/unit/services/test_data_service.py::TestDataService::test_health_check_initial
------------------------------- live log setup --------------------------------
10:12:48 - INFO - DataService инициализирован
PASSED                                                                   [ 19%]
tests/unit/services/test_data_service.py::TestDataService::test_health_check_format
------------------------------- live log setup --------------------------------
10:12:48 - INFO - DataService инициализирован
PASSED                                                                   [ 20%]
tests/unit/services/test_data_service.py::TestDataService::test_get_available_symbols_mock
------------------------------- live log setup --------------------------------
10:12:48 - INFO - DataService инициализирован
PASSED                                                                   [ 20%]
tests/unit/services/test_data_service.py::TestDataService::test_filter_available_symbols
------------------------------- live log setup --------------------------------
10:12:48 - INFO - DataService инициализирован
PASSED                                                                   [ 20%]
tests/unit/services/test_data_service.py::TestDataService::test_repr
------------------------------- live log setup --------------------------------
10:12:48 - INFO - DataService инициализирован
PASSED                                                                   [ 20%]
tests/unit/services/test_data_service.py::TestDataServiceIntegration::test_full_lifecycle
-------------------------------- live log call --------------------------------
10:12:48 - INFO - DataService инициализирован
10:12:48 - INFO - DataService: Запуск сервиса данных...
10:12:48 - INFO - DataService: Сервис запущен успешно
10:12:48 - INFO - DataService: Остановка сервиса данных...
10:12:48 - INFO - Cache cleared
10:12:48 - INFO - Cache cleared
10:12:48 - INFO - DataService: Сервис остановлен
PASSED                                                                   [ 20%]
tests/unit/services/test_data_service.py::TestDataServiceIntegration::test_cache_statistics
-------------------------------- live log call --------------------------------
10:12:48 - INFO - DataService инициализирован
PASSED                                                                   [ 20%]
tests/unit/services/test_services_container.py::TestGetConfig::test_get_config_singleton PASSED [ 21%]
tests/unit/services/test_services_container.py::TestGetConfig::test_get_config_loads_once FAILED [ 21%]
tests/unit/services/test_services_container.py::TestGetDBManager::test_get_db_manager_singleton FAILED [ 21%]
tests/unit/services/test_services_container.py::TestGetDataService::test_get_data_service_singleton FAILED [ 21%]
tests/unit/services/test_services_container.py::TestGetMLService::test_get_ml_service_singleton PASSED [ 21%]
tests/unit/services/test_services_container.py::TestGetExecutionService::test_get_execution_service_singleton PASSED [ 21%]
tests/unit/services/test_services_container.py::TestStartAllServices::test_start_all_services_success
-------------------------------- live log call --------------------------------
10:12:48 - INFO - Запуск всех сервисов...
10:12:48 - INFO - DataService: \u2705 \u0417\u0430\u043f\u0443\u0449\u0435\u043d\n10:12:48 - INFO - MLService: \u2705 \u0417\u0430\u043f\u0443\u0449\u0435\u043d\n10:12:48 - INFO - ExecutionService: \u2705 \u0417\u0430\u043f\u0443\u0449\u0435\u043d\nPASSED                                                                   [ 22%]
tests/unit/services/test_services_container.py::TestStartAllServices::test_start_all_services_failure
-------------------------------- live log call --------------------------------
10:12:48 - INFO - Запуск всех сервисов...
10:12:48 - ERROR - DataService: \u274c \u041e\u0448\u0438\u0431\u043a\u0430 \u0437\u0430\u043f\u0443\u0441\u043a\u0430: Start failed\nPASSED                                                                   [ 22%]
tests/unit/services/test_services_container.py::TestStopAllServices::test_stop_all_services_success
-------------------------------- live log call --------------------------------
10:12:48 - INFO - Остановка всех сервисов...
10:12:48 - INFO - DataService: \u2705 \u041e\u0441\u0442\u0430\u043d\u043e\u0432\u043b\u0435\u043d\n10:12:48 - INFO - MLService: \u2705 \u041e\u0441\u0442\u0430\u043d\u043e\u0432\u043b\u0435\u043d\n10:12:48 - INFO - ExecutionService: \u2705 \u041e\u0441\u0442\u0430\u043d\u043e\u0432\u043b\u0435\u043d\nPASSED                                                                   [ 22%]
tests/unit/services/test_services_container.py::TestStopAllServices::test_stop_all_services_handles_errors
-------------------------------- live log call --------------------------------
10:12:48 - INFO - Остановка всех сервисов...
10:12:48 - ERROR - DataService: \u274c \u041e\u0448\u0438\u0431\u043a\u0430 \u043e\u0441\u0442\u0430\u043d\u043e\u0432\u043a\u0438: Stop failed\n10:12:48 - INFO - MLService: Остановка ML сервиса...
10:12:48 - ERROR - MLService: Ошибка при выполнении 'Выгрузка моделей': 'ModelFactory' object has no attribute 'clear_cache'
Traceback (most recent call last):
  File "F:\MT5Qoder\MT5Projekt-Clean\src\core\services\base_service.py", line 101, in _safe_execute
    return await coro
           ^^^^^^^^^^
  File "F:\MT5Qoder\MT5Projekt-Clean\src\core\services\ml_service.py", line 185, in _unload_models
    self.model_factory.clear_cache()
    ^^^^^^^^^^^^^^^^^^^^^^^^^^^^^^
AttributeError: 'ModelFactory' object has no attribute 'clear_cache'
10:12:48 - INFO - MLService: Сервис остановлен
10:12:48 - INFO - MLService: \u2705 \u041e\u0441\u0442\u0430\u043d\u043e\u0432\u043b\u0435\u043d\n10:12:48 - INFO - ExecutionService: Остановка сервиса исполнения...
10:12:48 - INFO - ExecutionService: Сервис остановлен
10:12:48 - INFO - ExecutionService: \u2705 \u041e\u0441\u0442\u0430\u043d\u043e\u0432\u043b\u0435\u043d\nPASSED                                                                   [ 22%]
tests/unit/services/test_services_container.py::TestGetAllHealthChecks::test_get_all_health_checks_success PASSED [ 22%]
tests/unit/services/test_services_container.py::TestGetAllHealthChecks::test_get_all_health_checks_error PASSED [ 22%]
tests/unit/services/test_services_container.py::TestContainerIntegration::test_full_container_lifecycle
-------------------------------- live log call --------------------------------
10:12:48 - INFO - Запуск всех сервисов...
10:12:48 - INFO - DataService: \u2705 \u0417\u0430\u043f\u0443\u0449\u0435\u043d\n10:12:48 - INFO - MLService: \u2705 \u0417\u0430\u043f\u0443\u0449\u0435\u043d\n10:12:48 - INFO - ExecutionService: \u2705 \u0417\u0430\u043f\u0443\u0449\u0435\u043d\nFAILED                                                                   [ 23%]
tests/unit/test_breakout_strategy.py::TestBreakoutStrategyInit::test_init_default_params
-------------------------------- live log call --------------------------------
10:12:48 - INFO - BreakoutStrategy: \u0437\u0430\u0433\u0440\u0443\u0436\u0435\u043d\u044b \u041e\u041f\u0422\u0418\u041c\u0418\u0417\u0418\u0420\u041e\u0412\u0410\u041d\u041d\u042b\u0415 \u043f\u0430\u0440\u0430\u043c\u0435\u0442\u0440\u044b: window=15 \u2192 68\n10:12:48 - WARNING - BreakoutStrategy: window=68 может пропускать ранние входы
10:12:48 - INFO - BreakoutStrategy инициализирована с window=68
PASSED                                                                   [ 23%]
tests/unit/test_breakout_strategy.py::TestBreakoutStrategyInit::test_init_invalid_window_low SKIPPED [ 23%]
tests/unit/test_breakout_strategy.py::TestBreakoutStrategyInit::test_init_invalid_window_high SKIPPED [ 23%]
tests/unit/test_breakout_strategy.py::TestBreakoutStrategyInit::test_init_warning_low_window
-------------------------------- live log call --------------------------------
10:12:48 - WARNING - BreakoutStrategy: window=68 может пропускать ранние входы
PASSED                                                                   [ 23%]
tests/unit/test_breakout_strategy.py::TestBreakoutStrategyInit::test_init_warning_high_window
-------------------------------- live log call --------------------------------
10:12:48 - WARNING - BreakoutStrategy: window=68 может пропускать ранние входы
PASSED                                                                   [ 24%]
tests/unit/test_breakout_strategy.py::TestFeatureStore::test_feature_store_init PASSED [ 24%]
tests/unit/test_breakout_strategy.py::TestFeatureStore::test_calculate_all_features PASSED [ 24%]
tests/unit/test_breakout_strategy.py::TestFeatureStore::test_validate_data_missing_columns PASSED [ 24%]
tests/unit/test_breakout_strategy.py::TestFeatureStore::test_validate_data_with_nan
-------------------------------- live log call --------------------------------
10:12:48 - WARNING - EURUSD: найдено 1 NaN значений, заполняем forward-fill
PASSED                                                                   [ 24%]
tests/unit/test_breakout_strategy.py::TestFeatureStore::test_rsi_values PASSED [ 24%]
tests/unit/test_breakout_strategy.py::TestFeatureStore::test_atr_positive PASSED [ 25%]
tests/unit/test_breakout_strategy.py::TestBreakoutFeatureEngine::test_engine_init PASSED [ 25%]
tests/unit/test_breakout_strategy.py::TestBreakoutFeatureEngine::test_calculate_breakout_features PASSED [ 25%]
tests/unit/test_breakout_strategy.py::TestBreakoutFeatureEngine::test_insufficient_data
-------------------------------- live log call --------------------------------
10:12:48 - WARNING - Недостаточно данных для расчёта (index=10, window=15)
PASSED                                                                   [ 25%]
tests/unit/test_breakout_strategy.py::TestBreakoutFeatureEngine::test_false_breakout_probability_range PASSED [ 25%]
tests/unit/test_breakout_strategy.py::TestCheckEntryConditions::test_empty_dataframe
------------------------------- live log setup --------------------------------
10:12:49 - INFO - BreakoutStrategy: \u0437\u0430\u0433\u0440\u0443\u0436\u0435\u043d\u044b \u041e\u041f\u0422\u0418\u041c\u0418\u0417\u0418\u0420\u041e\u0412\u0410\u041d\u041d\u042b\u0415 \u043f\u0430\u0440\u0430\u043c\u0435\u0442\u0440\u044b: window=15 \u2192 68\n10:12:49 - WARNING - BreakoutStrategy: window=68 может пропускать ранние входы
10:12:49 - INFO - BreakoutStrategy инициализирована с window=68
PASSED                                                                   [ 25%]
tests/unit/test_breakout_strategy.py::TestCheckEntryConditions::test_insufficient_bars
------------------------------- live log setup --------------------------------
10:12:49 - INFO - BreakoutStrategy: \u0437\u0430\u0433\u0440\u0443\u0436\u0435\u043d\u044b \u041e\u041f\u0422\u0418\u041c\u0418\u0417\u0418\u0420\u041e\u0412\u0410\u041d\u041d\u042b\u0415 \u043f\u0430\u0440\u0430\u043c\u0435\u0442\u0440\u044b: window=15 \u2192 68\n10:12:49 - WARNING - BreakoutStrategy: window=68 может пропускать ранние входы
10:12:49 - INFO - BreakoutStrategy инициализирована с window=68
PASSED                                                                   [ 26%]
tests/unit/test_breakout_strategy.py::TestCheckEntryConditions::test_missing_columns
------------------------------- live log setup --------------------------------
10:12:49 - INFO - BreakoutStrategy: \u0437\u0430\u0433\u0440\u0443\u0436\u0435\u043d\u044b \u041e\u041f\u0422\u0418\u041c\u0418\u0417\u0418\u0420\u041e\u0412\u0410\u041d\u041d\u042b\u0415 \u043f\u0430\u0440\u0430\u043c\u0435\u0442\u0440\u044b: window=15 \u2192 68\n10:12:49 - WARNING - BreakoutStrategy: window=68 может пропускать ранние входы
10:12:49 - INFO - BreakoutStrategy инициализирована с window=68
PASSED                                                                   [ 26%]
tests/unit/test_breakout_strategy.py::TestCheckEntryConditions::test_upper_breakout_detected
------------------------------- live log setup --------------------------------
10:12:49 - INFO - BreakoutStrategy: \u0437\u0430\u0433\u0440\u0443\u0436\u0435\u043d\u044b \u041e\u041f\u0422\u0418\u041c\u0418\u0417\u0418\u0420\u041e\u0412\u0410\u041d\u041d\u042b\u0415 \u043f\u0430\u0440\u0430\u043c\u0435\u0442\u0440\u044b: window=15 \u2192 68\n10:12:49 - WARNING - BreakoutStrategy: window=68 может пропускать ранние входы
10:12:49 - INFO - BreakoutStrategy инициализирована с window=68
PASSED                                                                   [ 26%]
tests/unit/test_breakout_strategy.py::TestCheckEntryConditions::test_lower_breakout_detected
------------------------------- live log setup --------------------------------
10:12:49 - INFO - BreakoutStrategy: \u0437\u0430\u0433\u0440\u0443\u0436\u0435\u043d\u044b \u041e\u041f\u0422\u0418\u041c\u0418\u0417\u0418\u0420\u041e\u0412\u0410\u041d\u041d\u042b\u0415 \u043f\u0430\u0440\u0430\u043c\u0435\u0442\u0440\u044b: window=15 \u2192 68\n10:12:49 - WARNING - BreakoutStrategy: window=68 может пропускать ранние входы
10:12:49 - INFO - BreakoutStrategy инициализирована с window=68
PASSED                                                                   [ 26%]
tests/unit/test_breakout_strategy.py::TestCheckEntryConditions::test_no_breakout
------------------------------- live log setup --------------------------------
10:12:49 - INFO - BreakoutStrategy: \u0437\u0430\u0433\u0440\u0443\u0436\u0435\u043d\u044b \u041e\u041f\u0422\u0418\u041c\u0418\u0417\u0418\u0420\u041e\u0412\u0410\u041d\u041d\u042b\u0415 \u043f\u0430\u0440\u0430\u043c\u0435\u0442\u0440\u044b: window=15 \u2192 68\n10:12:49 - WARNING - BreakoutStrategy: window=68 может пропускать ранние входы
10:12:49 - INFO - BreakoutStrategy инициализирована с window=68
PASSED                                                                   [ 26%]
tests/unit/test_breakout_strategy.py::TestCheckEntryConditions::test_signal_has_stop_loss_take_profit
------------------------------- live log setup --------------------------------
10:12:49 - INFO - BreakoutStrategy: \u0437\u0430\u0433\u0440\u0443\u0436\u0435\u043d\u044b \u041e\u041f\u0422\u0418\u041c\u0418\u0417\u0418\u0420\u041e\u0412\u0410\u041d\u041d\u042b\u0415 \u043f\u0430\u0440\u0430\u043c\u0435\u0442\u0440\u044b: window=15 \u2192 68\n10:12:49 - WARNING - BreakoutStrategy: window=68 может пропускать ранние входы
10:12:49 - INFO - BreakoutStrategy инициализирована с window=68
PASSED                                                                   [ 27%]
tests/unit/test_breakout_strategy.py::TestDynamicConfidence::test_confidence_range
------------------------------- live log setup --------------------------------
10:12:49 - INFO - BreakoutStrategy: \u0437\u0430\u0433\u0440\u0443\u0436\u0435\u043d\u044b \u041e\u041f\u0422\u0418\u041c\u0418\u0417\u0418\u0420\u041e\u0412\u0410\u041d\u041d\u042b\u0415 \u043f\u0430\u0440\u0430\u043c\u0435\u0442\u0440\u044b: window=15 \u2192 68\n10:12:49 - WARNING - BreakoutStrategy: window=68 может пропускать ранние входы
10:12:49 - INFO - BreakoutStrategy инициализирована с window=68
-------------------------------- live log call --------------------------------
10:12:49 - WARNING - Недостаточно данных для расчёта (index=30, window=68)
PASSED                                                                   [ 27%]
tests/unit/test_breakout_strategy.py::TestDynamicConfidence::test_confidence_with_high_adx
------------------------------- live log setup --------------------------------
10:12:49 - INFO - BreakoutStrategy: \u0437\u0430\u0433\u0440\u0443\u0436\u0435\u043d\u044b \u041e\u041f\u0422\u0418\u041c\u0418\u0417\u0418\u0420\u041e\u0412\u0410\u041d\u041d\u042b\u0415 \u043f\u0430\u0440\u0430\u043c\u0435\u0442\u0440\u044b: window=15 \u2192 68\n10:12:49 - WARNING - BreakoutStrategy: window=68 может пропускать ранние входы
10:12:49 - INFO - BreakoutStrategy инициализирована с window=68
PASSED                                                                   [ 27%]
tests/unit/test_breakout_strategy.py::TestDynamicConfidence::test_confidence_with_low_adx
------------------------------- live log setup --------------------------------
10:12:49 - INFO - BreakoutStrategy: \u0437\u0430\u0433\u0440\u0443\u0436\u0435\u043d\u044b \u041e\u041f\u0422\u0418\u041c\u0418\u0417\u0418\u0420\u041e\u0412\u0410\u041d\u041d\u042b\u0415 \u043f\u0430\u0440\u0430\u043c\u0435\u0442\u0440\u044b: window=15 \u2192 68\n10:12:49 - WARNING - BreakoutStrategy: window=68 может пропускать ранние входы
10:12:49 - INFO - BreakoutStrategy инициализирована с window=68
-------------------------------- live log call --------------------------------
10:12:49 - WARNING - Недостаточно данных для расчёта (index=30, window=68)
PASSED                                                                   [ 27%]
tests/unit/test_breakout_strategy.py::TestDynamicConfidence::test_timeframe_impact
------------------------------- live log setup --------------------------------
10:12:49 - INFO - BreakoutStrategy: \u0437\u0430\u0433\u0440\u0443\u0436\u0435\u043d\u044b \u041e\u041f\u0422\u0418\u041c\u0418\u0417\u0418\u0420\u041e\u0412\u0410\u041d\u041d\u042b\u0415 \u043f\u0430\u0440\u0430\u043c\u0435\u0442\u0440\u044b: window=15 \u2192 68\n10:12:49 - WARNING - BreakoutStrategy: window=68 может пропускать ранние входы
10:12:49 - INFO - BreakoutStrategy инициализирована с window=68
-------------------------------- live log call --------------------------------
10:12:49 - WARNING - Недостаточно данных для расчёта (index=30, window=68)
PASSED                                                                   [ 27%]
tests/unit/test_breakout_strategy.py::TestExitConditions::test_stop_loss_exit
------------------------------- live log setup --------------------------------
10:12:49 - INFO - BreakoutStrategy: \u0437\u0430\u0433\u0440\u0443\u0436\u0435\u043d\u044b \u041e\u041f\u0422\u0418\u041c\u0418\u0417\u0418\u0420\u041e\u0412\u0410\u041d\u041d\u042b\u0415 \u043f\u0430\u0440\u0430\u043c\u0435\u0442\u0440\u044b: window=15 \u2192 68\n10:12:49 - WARNING - BreakoutStrategy: window=68 может пропускать ранние входы
10:12:49 - INFO - BreakoutStrategy инициализирована с window=68
PASSED                                                                   [ 27%]
tests/unit/test_breakout_strategy.py::TestExitConditions::test_take_profit_exit
------------------------------- live log setup --------------------------------
10:12:49 - INFO - BreakoutStrategy: \u0437\u0430\u0433\u0440\u0443\u0436\u0435\u043d\u044b \u041e\u041f\u0422\u0418\u041c\u0418\u0417\u0418\u0420\u041e\u0412\u0410\u041d\u041d\u042b\u0415 \u043f\u0430\u0440\u0430\u043c\u0435\u0442\u0440\u044b: window=15 \u2192 68\n10:12:49 - WARNING - BreakoutStrategy: window=68 может пропускать ранние входы
10:12:49 - INFO - BreakoutStrategy инициализирована с window=68
PASSED                                                                   [ 28%]
tests/unit/test_breakout_strategy.py::TestExitConditions::test_no_exit_signal
------------------------------- live log setup --------------------------------
10:12:49 - INFO - BreakoutStrategy: \u0437\u0430\u0433\u0440\u0443\u0436\u0435\u043d\u044b \u041e\u041f\u0422\u0418\u041c\u0418\u0417\u0418\u0420\u041e\u0412\u0410\u041d\u041d\u042b\u0415 \u043f\u0430\u0440\u0430\u043c\u0435\u0442\u0440\u044b: window=15 \u2192 68\n10:12:49 - WARNING - BreakoutStrategy: window=68 может пропускать ранние входы
10:12:49 - INFO - BreakoutStrategy инициализирована с window=68
PASSED                                                                   [ 28%]
tests/unit/test_breakout_strategy.py::TestMetrics::test_metrics_initialное_состояние
------------------------------- live log setup --------------------------------
10:12:49 - INFO - BreakoutStrategy: \u0437\u0430\u0433\u0440\u0443\u0436\u0435\u043d\u044b \u041e\u041f\u0422\u0418\u041c\u0418\u0417\u0418\u0420\u041e\u0412\u0410\u041d\u041d\u042b\u0415 \u043f\u0430\u0440\u0430\u043c\u0435\u0442\u0440\u044b: window=15 \u2192 68\n10:12:49 - WARNING - BreakoutStrategy: window=68 может пропускать ранние входы
10:12:49 - INFO - BreakoutStrategy инициализирована с window=68
PASSED                                                                   [ 28%]
tests/unit/test_breakout_strategy.py::TestMetrics::test_update_metrics_win_trade
------------------------------- live log setup --------------------------------
10:12:49 - INFO - BreakoutStrategy: \u0437\u0430\u0433\u0440\u0443\u0436\u0435\u043d\u044b \u041e\u041f\u0422\u0418\u041c\u0418\u0417\u0418\u0420\u041e\u0412\u0410\u041d\u041d\u042b\u0415 \u043f\u0430\u0440\u0430\u043c\u0435\u0442\u0440\u044b: window=15 \u2192 68\n10:12:49 - WARNING - BreakoutStrategy: window=68 может пропускать ранние входы
10:12:49 - INFO - BreakoutStrategy инициализирована с window=68
PASSED                                                                   [ 28%]
tests/unit/test_breakout_strategy.py::TestMetrics::test_update_metrics_loss_trade
------------------------------- live log setup --------------------------------
10:12:49 - INFO - BreakoutStrategy: \u0437\u0430\u0433\u0440\u0443\u0436\u0435\u043d\u044b \u041e\u041f\u0422\u0418\u041c\u0418\u0417\u0418\u0420\u041e\u0412\u0410\u041d\u041d\u042b\u0415 \u043f\u0430\u0440\u0430\u043c\u0435\u0442\u0440\u044b: window=15 \u2192 68\n10:12:49 - WARNING - BreakoutStrategy: window=68 может пропускать ранние входы
10:12:49 - INFO - BreakoutStrategy инициализирована с window=68
PASSED                                                                   [ 28%]
tests/unit/test_breakout_strategy.py::TestMetrics::test_update_metrics_mixed
------------------------------- live log setup --------------------------------
10:12:49 - INFO - BreakoutStrategy: \u0437\u0430\u0433\u0440\u0443\u0436\u0435\u043d\u044b \u041e\u041f\u0422\u0418\u041c\u0418\u0417\u0418\u0420\u041e\u0412\u0410\u041d\u041d\u042b\u0415 \u043f\u0430\u0440\u0430\u043c\u0435\u0442\u0440\u044b: window=15 \u2192 68\n10:12:49 - WARNING - BreakoutStrategy: window=68 может пропускать ранние входы
10:12:49 - INFO - BreakoutStrategy инициализирована с window=68
PASSED                                                                   [ 28%]
tests/unit/test_breakout_strategy.py::TestMetrics::test_get_status
------------------------------- live log setup --------------------------------
10:12:49 - INFO - BreakoutStrategy: \u0437\u0430\u0433\u0440\u0443\u0436\u0435\u043d\u044b \u041e\u041f\u0422\u0418\u041c\u0418\u0417\u0418\u0420\u041e\u0412\u0410\u041d\u041d\u042b\u0415 \u043f\u0430\u0440\u0430\u043c\u0435\u0442\u0440\u044b: window=15 \u2192 68\n10:12:49 - WARNING - BreakoutStrategy: window=68 может пропускать ранние входы
10:12:49 - INFO - BreakoutStrategy инициализирована с window=68
PASSED                                                                   [ 29%]
tests/unit/test_breakout_strategy.py::TestIntegration::test_full_cycle_breakout
-------------------------------- live log call --------------------------------
10:12:49 - INFO - BreakoutStrategy: \u0437\u0430\u0433\u0440\u0443\u0436\u0435\u043d\u044b \u041e\u041f\u0422\u0418\u041c\u0418\u0417\u0418\u0420\u041e\u0412\u0410\u041d\u041d\u042b\u0415 \u043f\u0430\u0440\u0430\u043c\u0435\u0442\u0440\u044b: window=15 \u2192 68\n10:12:49 - WARNING - BreakoutStrategy: window=68 может пропускать ранние входы
10:12:49 - INFO - BreakoutStrategy инициализирована с window=68
PASSED                                                                   [ 29%]
tests/unit/test_breakout_strategy.py::TestIntegration::test_multiple_symbols
------------------------------- live log setup --------------------------------
10:12:49 - INFO - BreakoutStrategy: \u0437\u0430\u0433\u0440\u0443\u0436\u0435\u043d\u044b \u041e\u041f\u0422\u0418\u041c\u0418\u0417\u0418\u0420\u041e\u0412\u0410\u041d\u041d\u042b\u0415 \u043f\u0430\u0440\u0430\u043c\u0435\u0442\u0440\u044b: window=15 \u2192 68\n10:12:49 - WARNING - BreakoutStrategy: window=68 может пропускать ранние входы
10:12:49 - INFO - BreakoutStrategy инициализирована с window=68
PASSED                                                                   [ 29%]
tests/unit/test_breakout_strategy.py::TestParametrized::test_window_validation[3-ValueError] SKIPPED [ 29%]
tests/unit/test_breakout_strategy.py::TestParametrized::test_window_validation[8-WARNING]
-------------------------------- live log call --------------------------------
10:12:49 - WARNING - BreakoutStrategy: window=68 может пропускать ранние входы
PASSED                                                                   [ 29%]
tests/unit/test_breakout_strategy.py::TestParametrized::test_window_validation[15-None]
-------------------------------- live log call --------------------------------
10:12:49 - INFO - BreakoutStrategy: \u0437\u0430\u0433\u0440\u0443\u0436\u0435\u043d\u044b \u041e\u041f\u0422\u0418\u041c\u0418\u0417\u0418\u0420\u041e\u0412\u0410\u041d\u041d\u042b\u0415 \u043f\u0430\u0440\u0430\u043c\u0435\u0442\u0440\u044b: window=15 \u2192 68\n10:12:49 - WARNING - BreakoutStrategy: window=68 может пропускать ранние входы
10:12:49 - INFO - BreakoutStrategy инициализирована с window=68
PASSED                                                                   [ 30%]
tests/unit/test_breakout_strategy.py::TestParametrized::test_window_validation[60-WARNING]
-------------------------------- live log call --------------------------------
10:12:49 - WARNING - BreakoutStrategy: window=68 может пропускать ранние входы
PASSED                                                                   [ 30%]
tests/unit/test_breakout_strategy.py::TestParametrized::test_window_validation[120-ValueError] SKIPPED [ 30%]
tests/unit/test_breakout_strategy.py::TestParametrized::test_timeframes[1-0.0]
------------------------------- live log setup --------------------------------
10:12:49 - INFO - BreakoutStrategy: \u0437\u0430\u0433\u0440\u0443\u0436\u0435\u043d\u044b \u041e\u041f\u0422\u0418\u041c\u0418\u0417\u0418\u0420\u041e\u0412\u0410\u041d\u041d\u042b\u0415 \u043f\u0430\u0440\u0430\u043c\u0435\u0442\u0440\u044b: window=15 \u2192 68\n10:12:49 - WARNING - BreakoutStrategy: window=68 может пропускать ранние входы
10:12:49 - INFO - BreakoutStrategy инициализирована с window=68
PASSED                                                                   [ 30%]
tests/unit/test_breakout_strategy.py::TestParametrized::test_timeframes[5-0.0]
------------------------------- live log setup --------------------------------
10:12:49 - INFO - BreakoutStrategy: \u0437\u0430\u0433\u0440\u0443\u0436\u0435\u043d\u044b \u041e\u041f\u0422\u0418\u041c\u0418\u0417\u0418\u0420\u041e\u0412\u0410\u041d\u041d\u042b\u0415 \u043f\u0430\u0440\u0430\u043c\u0435\u0442\u0440\u044b: window=15 \u2192 68\n10:12:49 - WARNING - BreakoutStrategy: window=68 может пропускать ранние входы
10:12:49 - INFO - BreakoutStrategy инициализирована с window=68
PASSED                                                                   [ 30%]
tests/unit/test_breakout_strategy.py::TestParametrized::test_timeframes[15-0.0]
------------------------------- live log setup --------------------------------
10:12:49 - INFO - BreakoutStrategy: \u0437\u0430\u0433\u0440\u0443\u0436\u0435\u043d\u044b \u041e\u041f\u0422\u0418\u041c\u0418\u0417\u0418\u0420\u041e\u0412\u0410\u041d\u041d\u042b\u0415 \u043f\u0430\u0440\u0430\u043c\u0435\u0442\u0440\u044b: window=15 \u2192 68\n10:12:49 - WARNING - BreakoutStrategy: window=68 может пропускать ранние входы
10:12:49 - INFO - BreakoutStrategy инициализирована с window=68
PASSED                                                                   [ 30%]
tests/unit/test_breakout_strategy.py::TestParametrized::test_timeframes[60-0.0]
------------------------------- live log setup --------------------------------
10:12:49 - INFO - BreakoutStrategy: \u0437\u0430\u0433\u0440\u0443\u0436\u0435\u043d\u044b \u041e\u041f\u0422\u0418\u041c\u0418\u0417\u0418\u0420\u041e\u0412\u0410\u041d\u041d\u042b\u0415 \u043f\u0430\u0440\u0430\u043c\u0435\u0442\u0440\u044b: window=15 \u2192 68\n10:12:49 - WARNING - BreakoutStrategy: window=68 может пропускать ранние входы
10:12:49 - INFO - BreakoutStrategy инициализирована с window=68
PASSED                                                                   [ 31%]
tests/unit/test_breakout_strategy.py::TestParametrized::test_timeframes[240-0.0]
------------------------------- live log setup --------------------------------
10:12:49 - INFO - BreakoutStrategy: \u0437\u0430\u0433\u0440\u0443\u0436\u0435\u043d\u044b \u041e\u041f\u0422\u0418\u041c\u0418\u0417\u0418\u0420\u041e\u0412\u0410\u041d\u041d\u042b\u0415 \u043f\u0430\u0440\u0430\u043c\u0435\u0442\u0440\u044b: window=15 \u2192 68\n10:12:49 - WARNING - BreakoutStrategy: window=68 может пропускать ранние входы
10:12:49 - INFO - BreakoutStrategy инициализирована с window=68
PASSED                                                                   [ 31%]
tests/unit/test_breakout_strategy.py::TestParametrized::test_timeframes[1440-0.0]
------------------------------- live log setup --------------------------------
10:12:49 - INFO - BreakoutStrategy: \u0437\u0430\u0433\u0440\u0443\u0436\u0435\u043d\u044b \u041e\u041f\u0422\u0418\u041c\u0418\u0417\u0418\u0420\u041e\u0412\u0410\u041d\u041d\u042b\u0415 \u043f\u0430\u0440\u0430\u043c\u0435\u0442\u0440\u044b: window=15 \u2192 68\n10:12:49 - WARNING - BreakoutStrategy: window=68 может пропускать ранние входы
10:12:49 - INFO - BreakoutStrategy инициализирована с window=68
PASSED                                                                   [ 31%]
tests/unit/test_cache_manager.py::TestCacheEntry::test_cache_entry_creation PASSED [ 31%]
tests/unit/test_cache_manager.py::TestCacheEntry::test_cache_entry_with_ttl PASSED [ 31%]
tests/unit/test_cache_manager.py::TestCacheEntry::test_cache_entry_expiration PASSED [ 31%]
tests/unit/test_cache_manager.py::TestCacheEntry::test_cache_entry_access PASSED [ 32%]
tests/unit/test_cache_manager.py::TestCacheEntry::test_cache_entry_repr PASSED [ 32%]
tests/unit/test_cache_manager.py::TestLRUCacheInit::test_init_default_values
-------------------------------- live log call --------------------------------
10:12:50 - INFO - LRUCache инициализирован (max_size=1000)
PASSED                                                                   [ 32%]
tests/unit/test_cache_manager.py::TestLRUCacheInit::test_init_custom_values
-------------------------------- live log call --------------------------------
10:12:50 - INFO - TestCache инициализирован (max_size=500)
PASSED                                                                   [ 32%]
tests/unit/test_cache_manager.py::TestLRUCacheOperations::test_set_and_get
------------------------------- live log setup --------------------------------
10:12:50 - INFO - LRUCache инициализирован (max_size=100)
PASSED                                                                   [ 32%]
tests/unit/test_cache_manager.py::TestLRUCacheOperations::test_get_non_existent_key
------------------------------- live log setup --------------------------------
10:12:50 - INFO - LRUCache инициализирован (max_size=100)
PASSED                                                                   [ 32%]
tests/unit/test_cache_manager.py::TestLRUCacheOperations::test_overwrite_existing_key
------------------------------- live log setup --------------------------------
10:12:50 - INFO - LRUCache инициализирован (max_size=100)
PASSED                                                                   [ 33%]
tests/unit/test_cache_manager.py::TestLRUCacheOperations::test_delete_key
------------------------------- live log setup --------------------------------
10:12:50 - INFO - LRUCache инициализирован (max_size=100)
PASSED                                                                   [ 33%]
tests/unit/test_cache_manager.py::TestLRUCacheOperations::test_delete_non_existent_key
------------------------------- live log setup --------------------------------
10:12:50 - INFO - LRUCache инициализирован (max_size=100)
PASSED                                                                   [ 33%]
tests/unit/test_cache_manager.py::TestLRUCacheOperations::test_clear_cache
------------------------------- live log setup --------------------------------
10:12:50 - INFO - LRUCache инициализирован (max_size=100)
-------------------------------- live log call --------------------------------
10:12:50 - INFO - LRUCache cleared
PASSED                                                                   [ 33%]
tests/unit/test_cache_manager.py::TestLRUCacheOperations::test_cache_size
------------------------------- live log setup --------------------------------
10:12:50 - INFO - LRUCache инициализирован (max_size=100)
PASSED                                                                   [ 33%]
tests/unit/test_cache_manager.py::TestLRUCacheOperations::test_contains
------------------------------- live log setup --------------------------------
10:12:50 - INFO - LRUCache инициализирован (max_size=100)
PASSED                                                                   [ 34%]
tests/unit/test_cache_manager.py::TestLRUCacheTTL::test_ttl_expiration
-------------------------------- live log call --------------------------------
10:12:50 - INFO - LRUCache инициализирован (max_size=100)
PASSED                                                                   [ 34%]
tests/unit/test_cache_manager.py::TestLRUCacheTTL::test_ttl_no_expiration
-------------------------------- live log call --------------------------------
10:12:52 - INFO - LRUCache инициализирован (max_size=100)
PASSED                                                                   [ 34%]
tests/unit/test_cache_manager.py::TestLRUCacheMaxSize::test_max_size_limit
-------------------------------- live log call --------------------------------
10:12:52 - INFO - LRUCache инициализирован (max_size=3)
PASSED                                                                   [ 34%]
tests/unit/test_cache_manager.py::TestLRUCacheMaxSize::test_lru_eviction
-------------------------------- live log call --------------------------------
10:12:52 - INFO - LRUCache инициализирован (max_size=3)
PASSED                                                                   [ 34%]
tests/unit/test_cache_manager.py::TestLRUCacheStatistics::test_cache_statistics
-------------------------------- live log call --------------------------------
10:12:52 - INFO - LRUCache инициализирован (max_size=100)
PASSED                                                                   [ 34%]
tests/unit/test_cache_manager.py::TestLRUCacheStatistics::test_hit_rate_calculation
-------------------------------- live log call --------------------------------
10:12:52 - INFO - LRUCache инициализирован (max_size=100)
PASSED                                                                   [ 35%]
tests/unit/test_cache_manager.py::TestLRUCacheStatistics::test_miss_rate_calculation
-------------------------------- live log call --------------------------------
10:12:52 - INFO - LRUCache инициализирован (max_size=100)
PASSED                                                                   [ 35%]
tests/unit/test_circuit_breaker.py::TestCircuitBreakerInit::test_init_default_values
-------------------------------- live log call --------------------------------
[...]
    manager.initialize_services()
  Enable tracemalloc to get traceback where the object was allocated.
  See https://docs.pytest.org/en/stable/how-to/capture-warnings.html#resource-warnings for more info.

-- Docs: https://docs.pytest.org/en/stable/how-to/capture-warnings.html
=============================== tests coverage ================================
_______________ coverage: platform win32, python 3.14.2-final-0 _______________

Name                                         Stmts   Miss  Cover   Missing
--------------------------------------------------------------------------
src\__init__.py                                  0      0   100%
src\_version.py                                  1      0   100%
src\analysis\__init__.py                         0      0   100%
src\analysis\anomaly_detector.py                93     75    19%   22-26, 36-38, 47-54, 58-59, 65-128, 134-161
src\analysis\backtester.py                      73     61    16%   23-30, 33-86, 89-105
src\analysis\drift_detector.py                  72     58    19%   13-18, 21-67, 70-72, 77-79, 82, 85-104, 107-110
src\analysis\event_driven_backtester.py         96     74    23%   26-30, 33, 36-59, 62, 66, 71-94, 97-141, 144-177
src\analysis\gp_rd_manager.py                   61     47    23%   28-30, 33-103
src\analysis\market_regime_manager.py           43     35    19%   15-20, 23-75
src\analysis\market_screener.py                 72     62    14%   21-22, 25-115
src\analysis\nlp_processor.py                  124    109    12%   28-55, 58-117, 120-135, 139-242
src\analysis\simulators.py                     188    154    18%   31, 36-49, 53-65, 68-69, 72-73, 76-105, 108-136, 139-151, 156, 159, 162-168, 171-175, 178-188, 193, 197, 202-214, 217-227, 230, 233-304
src\analysis\strategy_incubator.py             160    160     0%   19-392
src\analysis\strategy_optimizer.py              71     51    28%   26-28, 35-45, 48-98
src\analysis\stress_tester.py                   49     35    29%   33-87
src\analysis\synthetic_indices.py               54     54     0%   2-97
src\analysis\system_backtester.py              193    161    17%   35-43, 51-57, 61-76, 89-96, 101-105, 115-156, 159-164, 167-228, 235-256, 262-270, 273-290, 293-337, 340-349
src\core\__init__.py                             0      0   100%
src\core\auto_updater.py                       201    176    12%   27-38, 43-44, 48-53, 57-88, 92-128, 132-141, 148-165, 169-200, 204-207, 211-235, 239-296, 301-313
src\core\config_loader.py                       62     24    61%   27, 123-140, 152, 168-169, 177-182
src\core\config_models.py                      199      0   100%
src\core\config_validator.py                   117    117     0%   9-275
src\core\config_writer.py                       21     16    24%   15-36
src\core\container.py                          128     61    52%   58-63, 74-80, 91-96, 109-115, 126-131, 142-154, 164-169, 179-184, 194-196, 246-248, 252-254, 258-260, 264, 268-270, 274-276, 280, 284, 288
src\core\event_bus.py                          103      6    94%   101, 146-148, 155-156
src\core\events.py                             104      0   100%
src\core\interfaces.py                         132     39    70%   33, 43, 53, 63, 93, 106, 119, 132, 154, 168, 181, 191, 208, 223, 236, 265, 279, 293, 303, 316, 335, 345, 358, 371, 381, 396, 411, 421, 431, 454, 467, 482, 502, 513, 524, 546, 558, 571, 576
src\core\loop_manager.py                       241    241     0%   9-360
src\core\online_learner.py                      53     53     0%   2-86
src\core\orchestrator.py                       154    128    17%   42-110, 116-134, 140-153, 159-161, 164-223, 226-261, 264-288
src\core\paper_trading_engine.py               280     57    80%   269-270, 273-274, 366, 370-371, 378-379, 445-474, 478, 482-483, 487-488, 492, 570-572, 587, 600, 605-608, 620, 623-624, 633-635, 673-674, 678-679
src\core\safety_monitor.py                     112    112     0%   9-208
src\core\secrets_manager.py                    261    225    14%   91-116, 122-133, 152-189, 203-229, 241-263, 272-288, 297-313, 326-349, 362-382, 394-395, 407-447, 451-484, 489-509, 513-534, 538-547, 551-560, 570-572, 577, 582
src\core\secure_config.py                       79     42    47%   42-54, 74, 78-92, 114-117, 131, 145-146, 160-163, 189, 207-214, 227, 241
src\core\services\__init__.py                    5      0   100%
src\core\services\base_service.py               51      3    94%   56, 65, 77
src\core\services\data_service.py               98     40    59%   79-82, 108-109, 129-130, 156-163, 167-170, 195-220, 230-234, 252-256, 272-276
src\core\services\execution_service.py         158    103    35%   100-120, 139-140, 159-160, 175-179, 188-197, 201-208, 235-275, 292-301, 316-342, 356-380, 390-418, 421
src\core\services\ml_service.py                141     91    35%   83-97, 116-119, 126-127, 161-181, 186-187, 212-233, 252-286, 305-340, 357-368, 377
src\core\services\monitoring_service.py        157    157     0%   8-291
src\core\services\orchestrator_service.py      101    101     0%   8-205
src\core\services\portfolio_service.py         182    155    15%   29-40, 43-84, 87-125, 128-130, 133-136, 142-143, 149-156, 159-163, 166-253, 266-301, 306-329
src\core\services\risk_service.py              119    113     5%   21-257
src\core\services\signal_service.py            405    177    56%   13-14, 105, 155-173, 189-263, 287-288, 293, 309, 312, 324-326, 337-340, 348-352, 369, 391-392, 398-410, 419-420, 425-454, 464-465, 471-473, 477, 480-481, 491-492, 495, 503-505, 515-516, 521, 525-526, 531-545, 559, 580-592, 595, 604-605, 615-617, 636-724, 732, 745
src\core\services\trade_executor.py            545    463    15%   90-134, 150-155, 171-317, 333-463, 478-481, 487, 523-644, 664-763, 778-856, 862-876, 879-887, 894-902, 920-944, 947-954, 958-990, 998-999, 1009, 1020-1030, 1033-1054, 1057-1088, 1091-1099, 1105-1152
src\core\services\trading_service.py            92     92     0%   9-189
src\core\services_container.py                  76      0   100%
src\core\session_manager.py                     38     30    21%   13-16, 20-25, 29-66
src\core\system_service_manager.py              52     27    48%   59-66, 75-89, 105-119, 162, 166, 170, 181
src\core\trading_system.py                    2345   2015    14%   23-25, 82-94, 231, 235-430, 435-500, 504-556, 564-625, 633-1100, 1106-1143, 1149-1175, 1178-1191, 1199-1288, 1292-1481, 1489-1510, 1513-1515, 1518-1523, 1526-1527, 1530-1554, 1557-1574, 1577-1616, 1619-1634, 1637-1638, 1641-1651, 1654-1695, 1698-1714, 1717-1718, 1729-1745, 1748-1763, 1766-1790, 1793-1812, 1815-1829, 1832-1843, 1846-1848, 1851-1861, 1864-1880, 1892-1896, 1899-1909, 1912-1919, 1922-2134, 2138-2231, 2237-2395, 2398-2420, 2423-2430, 2433-2437, 2446-2449, 2453-2454, 2463-2473, 2482-2487, 2490-2520, 2531-2612, 2626-2754, 2757-2849, 2852-2868, 2871-2881, 2884-2891, 2894-2906, 2910-2926, 2930-3051, 3054-3083, 3086-3099, 3102, 3105-3169, 3172-3206, 3209-3240, 3243-3265, 3348-3367, 3392-3398, 3405-3412, 3418-3485, 3491-3613, 3624-3626, 3635-3637, 3646-3648, 3659, 3663, 3675-3679, 3691-3695, 3698-3710, 3717-3734, 3764-3765, 3795-3796, 3803-3822, 3826-3829
src\core\training_scheduler.py                 150    150     0%   6-261
src\data\__init__.py                             0      0   100%
src\data\alternative_data_provider.py           29     29     0%   2-58
src\data\async_data_provider.py                226    226     0%   20-550
src\data\blockchain_provider.py                 97     83    14%   22-32, 35-81, 87-181, 185-194
src\data\data_collector.py                     217    217     0%   17-503
src\data\data_provider.py                      394    327    17%   39-41, 47-60, 114-147, 154-208, 211-216, 219-323, 326-378, 383-414, 418-452, 464-525, 528-532, 539-583, 589-612
src\data\graph_db_manage.py                     44     44     0%   7-78
src\data\knowledge_graph_querier.py             56     41    27%   41-71, 78-103, 119-150, 157-189
src\data\multi_source_aggregator.py            247    212    14%   21-22, 53, 58, 71-99, 105-133, 136-154, 157-159, 166-208, 211, 214-268, 271-333, 336, 342-373, 376-462
src\data\news_collector.py                     223    223     0%   18-614
src\data\proactive_data_finder.py               17     17     0%   2-44
src\data\web_scraper.py                         65     54    17%   19-95, 105-106, 113-114
src\data_models.py                              98      3    97%   50, 119, 136
src\db\__init__.py                               0      0   100%
src\db\command_manager.py                      138     50    64%   95-98, 121-122, 133-136, 153, 161-164, 238-241, 304, 311-314, 344-350, 391-394, 407-434
src\db\database_manager.py                    1028    559    46%   44-45, 60, 169, 212, 227, 251, 282-354, 362-385, 388-405, 408-422, 431-477, 619-638, 641, 644-656, 659-667, 679-680, 687-709, 716, 718, 722, 726, 728, 730, 737, 739, 741, 743, 750, 755, 758-759, 762, 765-780, 842-874, 895-971, 991-1067, 1070-1095, 1098-1121, 1124-1148, 1151-1183, 1186-1213, 1216, 1227-1257, 1370, 1373, 1377-1379, 1449-1482, 1506-1561, 1569, 1582, 1585, 1588-1643, 1662-1664, 1680-1683, 1688-1720, 1723-1736, 1739-1753, 1764-1772, 1783-1820, 1823-1890, 1928, 1931-1946, 1995-2011, 2021, 2038-2071, 2097-2098, 2115-2117
src\db\query_manager.py                         96     23    76%   77, 85, 173-181, 289, 292, 299, 353-371, 387-400
src\db\vector_db_manager.py                    215    191    11%   25-26, 37-77, 80-152, 156-160, 165-210, 213-236, 242-248, 253-307, 310-336
src\gui\__init__.py                              0      0   100%
src\gui\api_tester.py                           47     39    17%   11-13, 17-27, 31-40, 44-60, 64-73
src\gui\components\__init__.py                   5      5     0%   12-17
src\gui\components\backtest.py                 117    117     0%   10-213
src\gui\components\bridges.py                   44     44     0%   10-99
src\gui\components\charts.py                    69     69     0%   10-148
src\gui\components\models.py                    61     61     0%   11-95
src\gui\control_center_widget.py               276    248    10%   37-53, 57-70, 76-98, 102-115, 118-132, 135-166, 169-188, 191-208, 211-221, 229-327, 332-406, 411, 415-417, 421-453, 456-458, 461-476, 483
src\gui\log_utils.py                            69     50    28%   39-41, 46-48, 57-67, 77-134
src\gui\settings_window.py                    1327   1244     6%   57-58, 61-81, 90-94, 97-231, 240-245, 248-280, 287-290, 293-298, 303-315, 318, 327-371, 375-386, 389-428, 432-660, 663-674, 677-681, 684-878, 884-1124, 1133-1155, 1159-1173, 1177-1178, 1183-1210, 1213-1421, 1424-1569, 1575-1843, 1847-1852, 1856-1886, 1890-1901, 1905-1911, 1915-1947, 1951-1962, 1966-1972, 1975-1977, 1981-1990, 1993-1999, 2002-2031, 2034-2053, 2056-2089, 2094-2142, 2145-2147, 2150-2155, 2158-2159, 2162-2180, 2183-2191, 2194-2203, 2206-2211, 2214-2218, 2222-2272, 2277, 2281-2343, 2347-2350, 2354-2372
src\gui\sound_manager.py                        33     22    33%   14-23, 29-44, 48-51, 55-56
src\gui\styles.py                                2      0   100%
src\gui\trading_modes_widget.py                250    223    11%   89-94, 97-195, 199-200, 207-212, 215-280, 284-285, 289-309, 313-328, 339-347, 350-484, 489-508, 513-551, 556-574, 578, 582-583
src\ml\__init__.py                               0      0   100%
src\ml\ab_testing.py                           249     36    86%   371-412, 490-492, 538-539, 573, 596-616
src\ml\ai_backtester.py                        110     98    11%   29-45, 48-105, 108-139, 142-158
src\ml\architectures.py                         54     40    26%   21-31, 35-60, 68-76, 79-80, 91-98, 106-117
src\ml\auto_trainer.py                         312    244    22%   35-36, 59-108, 121-181, 193-237, 250-359, 371-417, 429-461, 474-501, 523-524, 559-560, 571-573, 582-605, 609, 625-637, 641-648, 652-655, 659-672, 684-685
src\ml\consensus_engine.py                     141     23    84%   58-69, 109, 111, 118, 123-125, 193-197, 203, 205, 250, 252
src\ml\feature_engineer.py                     172    155    10%   43-57, 62-139, 157-330
src\ml\feature_importance.py                   179    111    38%   130-169, 194-219, 323-375, 396-417, 438-468, 489-529
src\ml\genetic_programming_core.py             218    185    15%   29-55, 90-91, 94-98, 101-110, 115-127, 130-136, 144-233, 236-239, 242-243, 246-265, 268-276, 279-325, 328-336
src\ml\model_factory.py                         50     33    34%   36-49, 54-65, 69-80, 85-113
src\ml\model_versioning.py                     188     23    88%   85-86, 92-93, 99-100, 180-181, 211-214, 268, 378, 414-417, 435, 524, 536-538
src\ml\orchestrator_env.py                     101     87    14%   21-44, 48-58, 62-79, 82-87, 95-171, 174
src\ml\rl_trade_manager.py                     164    139    15%   30-47, 52-72, 75-85, 89-200, 205-210, 213-224, 227-260, 273-281
src\monitoring\alert_manager.py                237    200    16%   49-54, 57, 97-158, 162-164, 178-234, 238-245, 249-267, 271-301, 305-330, 334-355, 359-370, 379-417, 429-431, 435, 449-486
src\risk\__init__.py                             0      0   100%
src\risk\auto_configurator.py                   43     43     0%   3-68
src\risk\circuit_breaker.py                    266     80    70%   66, 164, 172-177, 189, 207-209, 218, 228-232, 239, 249-253, 259-271, 277, 289-299, 303-305, 322-346, 393, 402-434, 443-444, 463-464, 491-497, 520
src\risk\position_sizer.py                     169     10    94%   116, 223, 248, 303, 318, 390, 488-489, 533-534
src\risk\risk_engine.py                        417    238    43%   169, 180, 196-197, 203-228, 245-266, 283-284, 289-290, 294, 299-305, 321-324, 329-343, 346-362, 369, 381-499, 502-540, 547-610, 614-624, 637-638, 665, 670, 672, 674, 676
src\risk\volatility_forecaster.py               28     21    25%   27-62
src\strategies\StrategyInterface.py             23      8    65%   26, 47-56
src\strategies\__init__.py                       0      0   100%
src\strategies\adaptive.py                      76     76     0%   16-239
src\strategies\breakout.py                     322    103    68%   189-192, 201, 203, 209, 214, 251-253, 271-272, 291-292, 307-335, 347, 366-399, 444-449, 457, 459, 463, 496-499, 517-533, 539-554, 569, 578, 585, 590, 595, 602, 613-623, 632-640, 651-659
src\strategies\features.py                     206     20    90%   57-58, 96-97, 191-192, 248-249, 262-275, 279
src\strategies\mean_reversion.py                46     33    28%   21-40, 45-71
src\strategies\moving_average_crossover.py      52     39    25%   20-37, 44-76
src\strategies\strategy_loader.py               76     60    21%   22-24, 27-110
src\strategies\strategy_optimizer.py           261    261     0%   23-682
src\utils\__init__.py                            0      0   100%
src\utils\analysis_utils.py                     26     26     0%   3-41
src\utils\cache_manager.py                     158     59    63%   207-216, 248, 275-276, 323-364, 381-389, 404-412, 422-424, 431-443
src\utils\logger.py                             83     22    73%   25, 55-56, 60-116, 152, 215-224, 235-239
src\utils\scheduler_manager.py                  95     81    15%   20, 24-50, 53-76, 80-81, 89-181, 185-192
src\utils\worker.py                             25      0   100%
src\web\__init__.py                              0      0   100%
src\web\data_models.py                          11      0   100%
src\web\server.py                              275    221    20%   49, 55-63, 72, 75-77, 80-82, 85-89, 95-97, 102-123, 128-159, 165-176, 199-207, 211-212, 216-220, 223, 226, 229, 232, 235, 242-451, 458-469, 472-473
--------------------------------------------------------------------------
TOTAL                                        18635  13346    28%
Coverage HTML written to dir htmlcov
FAIL Required test coverage of 40% not reached. Total coverage: 28.38%
=========================== short test summary info ===========================
FAILED tests/test_service_integration.py::TestSystemServiceManager::test_service_manager_creation
FAILED tests/test_service_integration.py::TestSystemServiceManager::test_service_manager_initialize
FAILED tests/test_service_integration.py::TestSystemServiceManager::test_service_manager_start_stop
FAILED tests/test_service_integration.py::TestSystemServiceManager::test_service_manager_status
FAILED tests/test_service_integration.py::TestSystemServiceManager::test_service_manager_get_services
FAILED tests/test_service_integration.py::TestSystemServiceManager::test_backward_compatibility
FAILED tests/unit/ml/test_ab_testing.py::TestStopTest::test_stop_test - NameE...
FAILED tests/unit/ml/test_ab_testing.py::TestGetTestResults::test_get_test_results_not_started
FAILED tests/unit/ml/test_ab_testing.py::TestABTestingIntegration::test_full_ab_test_workflow
FAILED tests/unit/ml/test_feature_importance.py::TestComputeSHAPValues::test_compute_shap_values
FAILED tests/unit/ml/test_feature_importance.py::TestComputeSHAPValues::test_compute_shap_import_error
FAILED tests/unit/ml/test_feature_importance.py::TestPermutationImportance::test_compute_permutation_importance
FAILED tests/unit/ml/test_feature_importance.py::TestPermutationImportance::test_compute_permutation_importance_error
FAILED tests/unit/ml/test_feature_importance.py::TestGetImportanceHistory::test_get_importance_history_empty
FAILED tests/unit/ml/test_feature_importance.py::TestGetImportanceHistory::test_get_importance_history_with_data
FAILED tests/unit/ml/test_feature_importance.py::TestGetTopFeatures::test_get_top_features
FAILED tests/unit/ml/test_feature_importance.py::TestComputeStabilityScore::test_compute_stability_score_stable
FAILED tests/unit/ml/test_feature_importance.py::TestComputeStabilityScore::test_compute_stability_score_no_data
FAILED tests/unit/ml/test_feature_importance.py::TestAnalyzeFeatureDrift::test_analyze_feature_drift_detected
FAILED tests/unit/ml/test_feature_importance.py::TestAnalyzeFeatureDrift::test_analyze_feature_drift_no_data
FAILED tests/unit/services/test_services_container.py::TestGetConfig::test_get_config_loads_once
FAILED tests/unit/services/test_services_container.py::TestGetDBManager::test_get_db_manager_singleton
FAILED tests/unit/services/test_services_container.py::TestGetDataService::test_get_data_service_singleton
FAILED tests/unit/services/test_services_container.py::TestContainerIntegration::test_full_container_lifecycle
ERROR tests/unit/services/test_data_service.py::TestLRUCache::test_put_and_get
ERROR tests/unit/services/test_data_service.py::TestLRUCache::test_put_updates_existing_key
ERROR tests/unit/services/test_data_service.py::TestLRUCache::test_lru_eviction
ERROR tests/unit/services/test_data_service.py::TestLRUCache::test_lru_order_updated_on_get
ERROR tests/unit/services/test_data_service.py::TestLRUCache::test_clear - Va...
ERROR tests/unit/services/test_data_service.py::TestLRUCache::test_size - Val...
ERROR tests/unit/services/test_data_service.py::TestLRUCache::test_thread_safety
ERROR tests/unit/test_risk_engine.py::TestRiskService::test_risk_service_health_check_healthy
ERROR tests/unit/test_risk_engine.py::TestRiskService::test_risk_service_health_check_unhealthy_var
ERROR tests/unit/test_risk_engine.py::TestRiskService::test_risk_service_check_var_limits
ERROR tests/unit/test_risk_engine.py::TestRiskService::test_risk_service_check_var_limits_no_positions
ERROR tests/unit/test_risk_engine.py::TestRiskService::test_risk_service_check_drawdown_limits
ERROR tests/unit/test_risk_engine.py::TestRiskService::test_risk_service_check_drawdown_limits_exceeded
ERROR tests/unit/test_risk_engine.py::TestRiskService::test_risk_service_on_start
ERROR tests/unit/test_risk_engine.py::TestRiskService::test_risk_service_on_start_no_engine
ERROR tests/unit/test_risk_engine.py::TestRiskService::test_risk_service_on_stop
= 24 failed, 523 passed, 8 skipped, 8 deselected, 8 warnings, 16 errors in 24.26s =
